a.c.
ad lib
p.c.
p.o.
q.d.
ut dict.
q.h.|frequency=1|time-unit=hour|interval=1
q.2h.|frequency=1|time-unit=hour|interval=2
q.3h.|frequency=1|time-unit=hour|interval=3
q.4h.|frequency=1|time-unit=hour|interval=4
mane|frequency=1|time-unit=day|interval=1|when=morning
om|frequency=1|time-unit=day|interval=1|when=morning
in the morning|frequency=1|time-unit=day|interval=1|when=morning
on|frequency=1|time-unit=day|interval=1|when=night
nocte|frequency=1|time-unit=day|interval=1|when=night
at night|frequency=1|time-unit=day|interval=1|when=night
od|frequency=1|time-unit=day|interval=1
every day|frequency=1|time-unit=day|interval=1
daily|frequency=1|time-unit=day|interval=1
b.i.d.|frequency=2|time-unit=day|interval=1
bd|frequency=2|time-unit=day|interval=1
t.i.d.|frequency=3|time-unit=day|interval=1
tds|frequency=3|time-unit=day|interval=1
qid|frequency=4|time-unit=day|interval=1
q.i.d.|frequency=4|time-unit=day|interval=1
qds|frequency=4|time-unit=day|interval=1
prn|time-unit=as required
p.r.n.|time-unit=as required
